2025-12-09 19:28:11,921 - payout-tasks - INFO - Старт задачи для выплаты #17
2025-12-09 19:28:11,950 - payout-tasks - INFO - Выплата #17: 1500.75 RUB
2025-12-09 19:28:11,954 - payout-tasks - INFO - Обрабатываем платеж...
2025-12-09 19:28:21,957 - payout-tasks - INFO - Выплата #17 обработана!
2025-12-09 20:37:49,683 - payout-tasks - INFO - Старт задачи для выплаты #1
2025-12-09 20:37:50,067 - payout-tasks - INFO - Выплата #1: 1500.75 RUB
2025-12-09 20:37:50,083 - payout-tasks - INFO - Обрабатываем платеж...
2025-12-09 20:38:00,089 - payout-tasks - INFO - Выплата #1 обработана!
2025-12-09 20:41:03,632 - payout-tasks - INFO - Старт задачи для выплаты #2
2025-12-09 20:41:03,795 - payout-tasks - INFO - Выплата #2: 1500.75 RUB
2025-12-09 20:41:03,808 - payout-tasks - INFO - Обрабатываем платеж...
2025-12-09 20:41:13,818 - payout-tasks - INFO - Выплата #2 обработана!
2025-12-09 20:49:08,542 - payout-tasks - INFO - Старт задачи для выплаты #3
2025-12-09 20:49:08,663 - payout-tasks - INFO - Выплата #3: 1500.75 RUB
2025-12-09 20:49:08,676 - payout-tasks - INFO - Обрабатываем платеж...
2025-12-09 20:49:18,683 - payout-tasks - ERROR - Error processing payout 3: Random processing error
2025-12-09 20:54:18,915 - payout-tasks - INFO - Старт задачи для выплаты #4
2025-12-09 20:54:19,030 - payout-tasks - INFO - Выплата #4: 1500.75 RUB
2025-12-09 20:54:19,041 - payout-tasks - INFO - Обрабатываем платеж...
2025-12-09 20:54:29,048 - payout-tasks - INFO - Выплата #4 обработана!
