{"@level":"info","@message":"creating new raft TLS config","@module":"core.raft","@timestamp":"2025-12-18T23:08:03.219024+04:00"}
{"@level":"info","@message":"wrote new raft TLS config","@module":"core.raft","@timestamp":"2025-12-18T23:08:03.272445+04:00"}
{"@level":"info","@message":"revoked lease","@module":"expiration","@timestamp":"2025-12-18T23:16:27.878355+04:00","lease_id":"auth/approle/login/h194fd0dc42ee14dae6e10e5c10d69409b2e241bfe3a4196c39040ac1e731a9da"}
{"@level":"info","@message":"revoked lease","@module":"expiration","@timestamp":"2025-12-18T23:30:42.758765+04:00","lease_id":"auth/approle/login/h7d2b6034dd922059bf6c8ae306d05283ce68e17acd2496fc9e905171892d962c"}
{"@level":"info","@message":"revoked lease","@module":"expiration","@timestamp":"2025-12-18T23:32:06.792671+04:00","lease_id":"auth/approle/login/ha728e3262f08d9cc3b89657f04fd4916b61269193213e423b7dafc7a0e1d14ac"}
{"@level":"info","@message":"revoked lease","@module":"expiration","@timestamp":"2025-12-18T23:58:33.058984+04:00","lease_id":"auth/approle/login/hdd43f495b8bc7be4205b6bf79572f88ca5ca552401ce82310a97fae81371a207"}
{"@level":"info","@message":"revoked lease","@module":"expiration","@timestamp":"2025-12-19T00:01:52.769519+04:00","lease_id":"auth/approle/login/h022a3dfae5d6e3de796fa6f55d197d2ec880add25347f32ef11f19bff8f45b23"}
{"@level":"info","@message":"revoked lease","@module":"expiration","@timestamp":"2025-12-19T00:02:14.764007+04:00","lease_id":"auth/approle/login/hf02eddab1995cda8e583b380ec859ff56c7e023cef6ebee940f976c8204796b4"}
{"@level":"info","@message":"revoked lease","@module":"expiration","@timestamp":"2025-12-19T00:43:42.767928+04:00","lease_id":"auth/approle/login/h07fc7b06114e9f1ea91f4e376aed470e69bae4706714adcbf423803993647302"}
{"@level":"info","@message":"revoked lease","@module":"expiration","@timestamp":"2025-12-19T00:47:24.463890+04:00","lease_id":"auth/approle/login/h33a5452a02506d5787d2876a219a7721fe1014f09dd206ccffe6a92150556701"}
{"@level":"info","@message":"revoked lease","@module":"expiration","@timestamp":"2025-12-19T00:49:29.747367+04:00","lease_id":"auth/approle/login/hca010fef670e71ed912fb4f2455c78a3fd46d51d4192fd527f87b936b47badb3"}
{"@level":"info","@message":"revoked lease","@module":"expiration","@timestamp":"2025-12-19T00:51:41.478503+04:00","lease_id":"auth/approle/login/h9085d2c43ea8faf7dcd755e2b0b0c2d35a26f15bd61beaa78b1163e71c989abb"}
{"@level":"info","@message":"revoked lease","@module":"expiration","@timestamp":"2025-12-19T00:53:31.587861+04:00","lease_id":"auth/approle/login/h992dfa4f9ff1fd6e09edfab42e7a36fc8dc6c16d2aaa659f8af47b4f2d9d5572"}
{"@level":"info","@message":"revoked lease","@module":"expiration","@timestamp":"2025-12-19T00:54:20.894764+04:00","lease_id":"auth/approle/login/h961edcf1644d50de6d909c14ad975b4fcfd441d2e3f9abc68f7517d97f8a1bc8"}
{"@level":"info","@message":"revoked lease","@module":"expiration","@timestamp":"2025-12-19T01:01:02.210730+04:00","lease_id":"auth/approle/login/h2ac201755584003adebe4439e836617e9b6734913354b8b870c58dd9a214fafb"}
{"@level":"info","@message":"revoked lease","@module":"expiration","@timestamp":"2025-12-19T01:01:29.461841+04:00","lease_id":"auth/approle/login/h865fce22ae148a7dabce7a5aca10acfde67e69b95d5a43b7749f4f8a3a19e924"}
{"@level":"info","@message":"revoked lease","@module":"expiration","@timestamp":"2025-12-19T01:01:48.477422+04:00","lease_id":"auth/approle/login/ha67b27ed674f0524f6652613d70a06771e1f4cbaddc209639b8a07b9d3fa597e"}
{"@level":"info","@message":"revoked lease","@module":"expiration","@timestamp":"2025-12-19T01:03:33.377961+04:00","lease_id":"auth/approle/login/h112c6d8de5cf2f9ea3ed92b1557c7b977887af86fb78ed67a40a74f1012a9ef8"}
{"@level":"info","@message":"revoked lease","@module":"expiration","@timestamp":"2025-12-19T01:05:45.897559+04:00","lease_id":"auth/approle/login/h4ce03942661fbb89f51748d9d1e8b46b15185a9b9b0f14edfdf15ddc3850d0c8"}
{"@level":"info","@message":"revoked lease","@module":"expiration","@timestamp":"2025-12-19T01:20:09.009561+04:00","lease_id":"auth/approle/login/h393977fb24387728f70b3355b3ac0a9f72b86305b7fda7a4577ea483d370c4f8"}
{"@level":"info","@message":"revoked lease","@module":"expiration","@timestamp":"2025-12-19T01:41:37.541484+04:00","lease_id":"auth/approle/login/h537ff6b309e7b1ccdcda22f1821bfa8a3cea95497c837cd1a6d3db15125f5d2a"}
{"@level":"info","@message":"revoked lease","@module":"expiration","@timestamp":"2025-12-19T01:53:17.736561+04:00","lease_id":"auth/approle/login/h19059b3f32bd59b4651ee03d89496925b36936da99c32c9ba83ed067dbbdd08b"}
{"@level":"info","@message":"revoked lease","@module":"expiration","@timestamp":"2025-12-19T01:56:07.722164+04:00","lease_id":"auth/approle/login/h891aa3a350427a46b496fac4bbbbd01fa653dbec6670773a9c563888845598e2"}
{"@level":"info","@message":"revoked lease","@module":"expiration","@timestamp":"2025-12-19T01:57:04.954974+04:00","lease_id":"auth/approle/login/h4b4ea02bac9baaa51446959886a2a515693114a19af2b1378d1088f7fcb888de"}
{"@level":"info","@message":"revoked lease","@module":"expiration","@timestamp":"2025-12-19T01:59:12.633875+04:00","lease_id":"auth/approle/login/h9c1762f2b3085569927de92a19276294fe7291665a8aaf85123ec995b10864d0"}
{"@level":"info","@message":"revoked lease","@module":"expiration","@timestamp":"2025-12-19T02:01:23.128299+04:00","lease_id":"auth/approle/login/hca03b19d1d280bb257626f7825c88003d2cdcea328c18ff5390922099902eb3e"}
{"@level":"info","@message":"revoked lease","@module":"expiration","@timestamp":"2025-12-19T02:02:43.530207+04:00","lease_id":"auth/approle/login/hb787715aae6bde07ef1cc7b258f587b49cd0e2ec746a53950951b7961769031c"}
{"@level":"info","@message":"revoked lease","@module":"expiration","@timestamp":"2025-12-19T02:05:01.262353+04:00","lease_id":"auth/approle/login/h064b6eef0aeeff1daecf52df4c56829026afb58d3a98f63bc7da52547a875733"}
{"@level":"info","@message":"revoked lease","@module":"expiration","@timestamp":"2025-12-19T02:08:50.036688+04:00","lease_id":"auth/approle/login/h16c72f0d12f2b350151577cf8e1d987e08089aac3125d8ff3f0fe58e30a98c8e"}
{"@level":"info","@message":"revoked lease","@module":"expiration","@timestamp":"2025-12-20T15:17:33.769280+04:00","lease_id":"auth/approle/login/h6c4e1744dd4ece5f4e8395a4a6de8f143efcaf166724bde8b20669bf17888506"}
{"@level":"info","@message":"revoked lease","@module":"expiration","@timestamp":"2025-12-20T15:18:41.829360+04:00","lease_id":"auth/approle/login/h0b2198bee4f4d98b3555deeef85d3931c3f5ec5e99d0f18159907d271d7ca79b"}
{"@level":"info","@message":"revoked lease","@module":"expiration","@timestamp":"2025-12-20T15:19:25.462667+04:00","lease_id":"auth/approle/login/hea70beb7fd1082c63d7d760da8ff39cd42dae5a98bc86a8d72d0f1a289c9678c"}
{"@level":"info","@message":"revoked lease","@module":"expiration","@timestamp":"2025-12-20T15:19:46.855186+04:00","lease_id":"auth/approle/login/he3ac15de1baf1c243784373b87b1853e368d733a7b31475dc58b2850eba4c576"}
{"@level":"info","@message":"revoked lease","@module":"expiration","@timestamp":"2025-12-20T15:20:11.068701+04:00","lease_id":"auth/approle/login/h4f31813ca583f0def806b0f53dcc54a8f9768e735ef9fe594e3bc98492756b92"}
{"@level":"info","@message":"revoked lease","@module":"expiration","@timestamp":"2025-12-20T15:20:42.950040+04:00","lease_id":"auth/approle/login/h4d88bdb7d619e55b9c88f595dad4d8ec0189eae263267e7928616d29f64bdb84"}
{"@level":"info","@message":"revoked lease","@module":"expiration","@timestamp":"2025-12-20T15:24:38.718266+04:00","lease_id":"auth/approle/login/ha41848e843c16862cde57cdbdda3e370567538f7a721d18ffb30ee19f096bacc"}
{"@level":"info","@message":"revoked lease","@module":"expiration","@timestamp":"2025-12-20T15:26:22.938955+04:00","lease_id":"auth/approle/login/h3af99f8bc570998332164f34e75006bc1eb4714d5438c759dfd717672862fc42"}
{"@level":"info","@message":"revoked lease","@module":"expiration","@timestamp":"2025-12-20T15:32:31.720286+04:00","lease_id":"auth/approle/login/h80de03a9294040a74b1f35b8333ee32fd4adcfcd655d5a073a43f34285c955a0"}
{"@level":"info","@message":"revoked lease","@module":"expiration","@timestamp":"2025-12-20T15:34:55.253187+04:00","lease_id":"auth/approle/login/h4956b0be5d945b961cbbee2933ca8e77c7ea8417c5a417a9fa907935082b97ac"}
{"@level":"info","@message":"revoked lease","@module":"expiration","@timestamp":"2025-12-20T15:48:50.772108+04:00","lease_id":"auth/approle/login/h118a587ec4337241a264220015977cb66111d4b14f4c2d51e3d6a00b4296730f"}
{"@level":"info","@message":"marked as sealed","@module":"core","@timestamp":"2025-12-21T17:58:30.566119+04:00"}
{"@level":"info","@message":"pre-seal teardown starting","@module":"core","@timestamp":"2025-12-21T17:58:30.570502+04:00"}
{"@level":"info","@message":"stopping raft active node","@module":"core","@timestamp":"2025-12-21T17:58:31.077679+04:00"}
{"@level":"info","@message":"stopping rollback manager","@module":"rollback","@timestamp":"2025-12-21T17:58:31.082342+04:00"}
{"@level":"info","@message":"pre-seal teardown complete","@module":"core","@timestamp":"2025-12-21T17:58:31.084955+04:00"}
{"@level":"error","@message":"unlocking HA lock failed","@module":"core","@timestamp":"2025-12-21T17:58:31.104885+04:00","error":"cannot find peer"}
{"@level":"error","@message":"failed to accept connection","@module":"storage.raft.raft-net","@timestamp":"2025-12-21T17:58:31.106048+04:00","error":"Raft RPC layer closed"}
{"@level":"info","@message":"stopping cluster listeners","@module":"core","@timestamp":"2025-12-21T17:58:31.107299+04:00"}
{"@level":"info","@message":"forwarding rpc listeners stopped","@module":"core.cluster-listener","@timestamp":"2025-12-21T17:58:31.107327+04:00"}
{"@level":"info","@message":"rpc listeners successfully shut down","@module":"core.cluster-listener","@timestamp":"2025-12-21T17:58:31.443555+04:00"}
{"@level":"info","@message":"cluster listeners successfully shut down","@module":"core","@timestamp":"2025-12-21T17:58:31.443677+04:00"}
{"@level":"info","@message":"vault is sealed","@module":"core","@timestamp":"2025-12-21T17:58:31.449652+04:00"}
